<?xml version="1.0" encoding="UTF-8"?>
<!-- Generated by org.testng.reporters.JUnitReportReporter -->
<testsuite name="eleks.com.pages_tests.MailBoxPage_Test" tests="2" time="13.611" ignored="0" failures="0" timestamp="24 лют. 2017 13:02:28 GMT" skipped="0" hostname="ws-lv-cp2258" errors="0">
  <testcase name="goToCreateEmailPage_test" time="9.001" classname="eleks.com.pages_tests.MailBoxPage_Test"/>
  <testcase name="logout_test" time="4.610" classname="eleks.com.pages_tests.MailBoxPage_Test"/>
</testsuite> <!-- eleks.com.pages_tests.MailBoxPage_Test -->
