<?xml version="1.0" encoding="UTF-8"?>
<!-- Generated by org.testng.reporters.JUnitReportReporter -->
<testsuite name="eleks.com.pages_tests.CreateEmailPage_Test" tests="1" time="6.002" ignored="0" failures="0" timestamp="24 лют. 2017 13:02:28 GMT" skipped="0" hostname="ws-lv-cp2258" errors="0">
  <testcase name="createEmail_test" time="6.002" classname="eleks.com.pages_tests.CreateEmailPage_Test"/>
</testsuite> <!-- eleks.com.pages_tests.CreateEmailPage_Test -->
