<?xml version="1.0" encoding="UTF-8"?>
<!-- Generated by org.testng.reporters.JUnitReportReporter -->
<testsuite name="eleks.com.pages_tests.SuccessSendMailPage_Test" tests="1" time="7.018" ignored="0" failures="0" timestamp="24 лют. 2017 13:02:28 GMT" skipped="0" hostname="ws-lv-cp2258" errors="0">
  <testcase name="goToMailBoxPage_test" time="7.018" classname="eleks.com.pages_tests.SuccessSendMailPage_Test"/>
</testsuite> <!-- eleks.com.pages_tests.SuccessSendMailPage_Test -->
